<?xml version="1.0" encoding="UTF-8"?>
<!-- Generated by org.testng.reporters.JUnitXMLReporter -->
<testsuite hostname="DESKTOP-NBL0SLE" ignored="0" name="Default test" tests="100" failures="0" timestamp="2021-07-14T09:13:45 CST" time="58.49" errors="0">
  <testcase name="testPostUser" time="3.042" classname="testPost.Post2"/>
  <testcase name="testPostUser" time="0.575" classname="testPost.Post2"/>
  <testcase name="testPostUser" time="0.565" classname="testPost.Post2"/>
  <testcase name="testPostUser" time="0.607" classname="testPost.Post2"/>
  <testcase name="testPostUser" time="0.561" classname="testPost.Post2"/>
  <testcase name="testPostUser" time="0.577" classname="testPost.Post2"/>
  <testcase name="testPostUser" time="0.561" classname="testPost.Post2"/>
  <testcase name="testPostUser" time="0.56" classname="testPost.Post2"/>
  <testcase name="testPostUser" time="0.57" classname="testPost.Post2"/>
  <testcase name="testPostUser" time="0.59" classname="testPost.Post2"/>
  <testcase name="testPostUser" time="0.56" classname="testPost.Post2"/>
  <testcase name="testPostUser" time="0.577" classname="testPost.Post2"/>
  <testcase name="testPostUser" time="0.568" classname="testPost.Post2"/>
  <testcase name="testPostUser" time="0.558" classname="testPost.Post2"/>
  <testcase name="testPostUser" time="0.548" classname="testPost.Post2"/>
  <testcase name="testPostUser" time="0.576" classname="testPost.Post2"/>
  <testcase name="testPostUser" time="0.561" classname="testPost.Post2"/>
  <testcase name="testPostUser" time="0.582" classname="testPost.Post2"/>
  <testcase name="testPostUser" time="0.548" classname="testPost.Post2"/>
  <testcase name="testPostUser" time="0.565" classname="testPost.Post2"/>
  <testcase name="testPostUser" time="0.548" classname="testPost.Post2"/>
  <testcase name="testPostUser" time="0.587" classname="testPost.Post2"/>
  <testcase name="testPostUser" time="0.547" classname="testPost.Post2"/>
  <testcase name="testPostUser" time="0.553" classname="testPost.Post2"/>
  <testcase name="testPostUser" time="0.572" classname="testPost.Post2"/>
  <testcase name="testPostUser" time="0.566" classname="testPost.Post2"/>
  <testcase name="testPostUser" time="0.583" classname="testPost.Post2"/>
  <testcase name="testPostUser" time="0.545" classname="testPost.Post2"/>
  <testcase name="testPostUser" time="0.54" classname="testPost.Post2"/>
  <testcase name="testPostUser" time="0.541" classname="testPost.Post2"/>
  <testcase name="testPostUser" time="0.568" classname="testPost.Post2"/>
  <testcase name="testPostUser" time="0.54" classname="testPost.Post2"/>
  <testcase name="testPostUser" time="0.573" classname="testPost.Post2"/>
  <testcase name="testPostUser" time="0.559" classname="testPost.Post2"/>
  <testcase name="testPostUser" time="0.602" classname="testPost.Post2"/>
  <testcase name="testPostUser" time="0.561" classname="testPost.Post2"/>
  <testcase name="testPostUser" time="0.649" classname="testPost.Post2"/>
  <testcase name="testPostUser" time="0.55" classname="testPost.Post2"/>
  <testcase name="testPostUser" time="0.544" classname="testPost.Post2"/>
  <testcase name="testPostUser" time="0.549" classname="testPost.Post2"/>
  <testcase name="testPostUser" time="0.519" classname="testPost.Post2"/>
  <testcase name="testPostUser" time="0.523" classname="testPost.Post2"/>
  <testcase name="testPostUser" time="0.538" classname="testPost.Post2"/>
  <testcase name="testPostUser" time="0.558" classname="testPost.Post2"/>
  <testcase name="testPostUser" time="0.556" classname="testPost.Post2"/>
  <testcase name="testPostUser" time="0.536" classname="testPost.Post2"/>
  <testcase name="testPostUser" time="0.552" classname="testPost.Post2"/>
  <testcase name="testPostUser" time="0.548" classname="testPost.Post2"/>
  <testcase name="testPostUser" time="0.519" classname="testPost.Post2"/>
  <testcase name="testPostUser" time="0.54" classname="testPost.Post2"/>
  <testcase name="testPostUser" time="0.551" classname="testPost.Post2"/>
  <testcase name="testPostUser" time="0.556" classname="testPost.Post2"/>
  <testcase name="testPostUser" time="0.543" classname="testPost.Post2"/>
  <testcase name="testPostUser" time="0.554" classname="testPost.Post2"/>
  <testcase name="testPostUser" time="0.556" classname="testPost.Post2"/>
  <testcase name="testPostUser" time="0.559" classname="testPost.Post2"/>
  <testcase name="testPostUser" time="0.546" classname="testPost.Post2"/>
  <testcase name="testPostUser" time="0.556" classname="testPost.Post2"/>
  <testcase name="testPostUser" time="0.568" classname="testPost.Post2"/>
  <testcase name="testPostUser" time="0.54" classname="testPost.Post2"/>
  <testcase name="testPostUser" time="0.531" classname="testPost.Post2"/>
  <testcase name="testPostUser" time="0.545" classname="testPost.Post2"/>
  <testcase name="testPostUser" time="0.537" classname="testPost.Post2"/>
  <testcase name="testPostUser" time="0.542" classname="testPost.Post2"/>
  <testcase name="testPostUser" time="0.547" classname="testPost.Post2"/>
  <testcase name="testPostUser" time="0.579" classname="testPost.Post2"/>
  <testcase name="testPostUser" time="0.542" classname="testPost.Post2"/>
  <testcase name="testPostUser" time="0.59" classname="testPost.Post2"/>
  <testcase name="testPostUser" time="0.533" classname="testPost.Post2"/>
  <testcase name="testPostUser" time="0.565" classname="testPost.Post2"/>
  <testcase name="testPostUser" time="0.563" classname="testPost.Post2"/>
  <testcase name="testPostUser" time="0.562" classname="testPost.Post2"/>
  <testcase name="testPostUser" time="0.541" classname="testPost.Post2"/>
  <testcase name="testPostUser" time="0.584" classname="testPost.Post2"/>
  <testcase name="testPostUser" time="0.559" classname="testPost.Post2"/>
  <testcase name="testPostUser" time="0.527" classname="testPost.Post2"/>
  <testcase name="testPostUser" time="0.553" classname="testPost.Post2"/>
  <testcase name="testPostUser" time="0.536" classname="testPost.Post2"/>
  <testcase name="testPostUser" time="0.563" classname="testPost.Post2"/>
  <testcase name="testPostUser" time="0.588" classname="testPost.Post2"/>
  <testcase name="testPostUser" time="0.547" classname="testPost.Post2"/>
  <testcase name="testPostUser" time="0.551" classname="testPost.Post2"/>
  <testcase name="testPostUser" time="0.586" classname="testPost.Post2"/>
  <testcase name="testPostUser" time="0.553" classname="testPost.Post2"/>
  <testcase name="testPostUser" time="0.546" classname="testPost.Post2"/>
  <testcase name="testPostUser" time="0.601" classname="testPost.Post2"/>
  <testcase name="testPostUser" time="0.553" classname="testPost.Post2"/>
  <testcase name="testPostUser" time="0.559" classname="testPost.Post2"/>
  <testcase name="testPostUser" time="0.554" classname="testPost.Post2"/>
  <testcase name="testPostUser" time="0.563" classname="testPost.Post2"/>
  <testcase name="testPostUser" time="0.548" classname="testPost.Post2"/>
  <testcase name="testPostUser" time="0.607" classname="testPost.Post2"/>
  <testcase name="testPostUser" time="0.529" classname="testPost.Post2"/>
  <testcase name="testPostUser" time="0.557" classname="testPost.Post2"/>
  <testcase name="testPostUser" time="0.567" classname="testPost.Post2"/>
  <testcase name="testPostUser" time="0.546" classname="testPost.Post2"/>
  <testcase name="testPostUser" time="0.569" classname="testPost.Post2"/>
  <testcase name="testPostUser" time="0.543" classname="testPost.Post2"/>
  <testcase name="testPostUser" time="0.541" classname="testPost.Post2"/>
  <testcase name="testPostUser" time="0.567" classname="testPost.Post2"/>
</testsuite> <!-- Default test -->
