<?xml version="1.0" encoding="UTF-8"?>
<testng-results skipped="0" failed="0" ignored="0" total="1" passed="1">
  <reporter-output>
  </reporter-output>
  <suite name="other.NewTest" duration-ms="51437" started-at="2021-07-02T01:32:50 CST" finished-at="2021-07-02T01:33:41 CST">
    <groups>
    </groups>
    <test name="Command line test" duration-ms="51437" started-at="2021-07-02T01:32:50 CST" finished-at="2021-07-02T01:33:41 CST">
      <class name="other.NewTest">
        <test-method status="PASS" signature="f()[pri:0, instance:other.NewTest@5bcab519]" name="f" duration-ms="51391" started-at="2021-07-02T01:32:50 CST" finished-at="2021-07-02T01:33:41 CST">
          <reporter-output>
          </reporter-output>
        </test-method> <!-- f -->
      </class> <!-- other.NewTest -->
    </test> <!-- Command line test -->
  </suite> <!-- other.NewTest -->
</testng-results>
