<?xml version="1.0" encoding="UTF-8"?>
<testng-results skipped="0" failed="0" ignored="0" total="100" passed="100">
  <reporter-output>
  </reporter-output>
  <suite name="Default suite" duration-ms="58490" started-at="2021-07-14T09:12:47 CST" finished-at="2021-07-14T09:13:45 CST">
    <groups>
    </groups>
    <test name="Default test" duration-ms="58490" started-at="2021-07-14T09:12:47 CST" finished-at="2021-07-14T09:13:45 CST">
      <class name="testPost.Post2">
        <test-method status="PASS" signature="testPostUser()[pri:0, instance:testPost.Post2@7e2d773b]" name="testPostUser" duration-ms="3042" started-at="2021-07-14T09:12:47 CST" finished-at="2021-07-14T09:12:50 CST">
          <reporter-output>
          </reporter-output>
        </test-method> <!-- testPostUser -->
        <test-method status="PASS" signature="testPostUser()[pri:0, instance:testPost.Post2@7e2d773b]" name="testPostUser" duration-ms="575" started-at="2021-07-14T09:12:50 CST" finished-at="2021-07-14T09:12:50 CST">
          <reporter-output>
          </reporter-output>
        </test-method> <!-- testPostUser -->
        <test-method status="PASS" signature="testPostUser()[pri:0, instance:testPost.Post2@7e2d773b]" name="testPostUser" duration-ms="565" started-at="2021-07-14T09:12:50 CST" finished-at="2021-07-14T09:12:51 CST">
          <reporter-output>
          </reporter-output>
        </test-method> <!-- testPostUser -->
        <test-method status="PASS" signature="testPostUser()[pri:0, instance:testPost.Post2@7e2d773b]" name="testPostUser" duration-ms="607" started-at="2021-07-14T09:12:51 CST" finished-at="2021-07-14T09:12:51 CST">
          <reporter-output>
          </reporter-output>
        </test-method> <!-- testPostUser -->
        <test-method status="PASS" signature="testPostUser()[pri:0, instance:testPost.Post2@7e2d773b]" name="testPostUser" duration-ms="561" started-at="2021-07-14T09:12:51 CST" finished-at="2021-07-14T09:12:52 CST">
          <reporter-output>
          </reporter-output>
        </test-method> <!-- testPostUser -->
        <test-method status="PASS" signature="testPostUser()[pri:0, instance:testPost.Post2@7e2d773b]" name="testPostUser" duration-ms="577" started-at="2021-07-14T09:12:52 CST" finished-at="2021-07-14T09:12:53 CST">
          <reporter-output>
          </reporter-output>
        </test-method> <!-- testPostUser -->
        <test-method status="PASS" signature="testPostUser()[pri:0, instance:testPost.Post2@7e2d773b]" name="testPostUser" duration-ms="561" started-at="2021-07-14T09:12:53 CST" finished-at="2021-07-14T09:12:53 CST">
          <reporter-output>
          </reporter-output>
        </test-method> <!-- testPostUser -->
        <test-method status="PASS" signature="testPostUser()[pri:0, instance:testPost.Post2@7e2d773b]" name="testPostUser" duration-ms="560" started-at="2021-07-14T09:12:53 CST" finished-at="2021-07-14T09:12:54 CST">
          <reporter-output>
          </reporter-output>
        </test-method> <!-- testPostUser -->
        <test-method status="PASS" signature="testPostUser()[pri:0, instance:testPost.Post2@7e2d773b]" name="testPostUser" duration-ms="570" started-at="2021-07-14T09:12:54 CST" finished-at="2021-07-14T09:12:54 CST">
          <reporter-output>
          </reporter-output>
        </test-method> <!-- testPostUser -->
        <test-method status="PASS" signature="testPostUser()[pri:0, instance:testPost.Post2@7e2d773b]" name="testPostUser" duration-ms="590" started-at="2021-07-14T09:12:54 CST" finished-at="2021-07-14T09:12:55 CST">
          <reporter-output>
          </reporter-output>
        </test-method> <!-- testPostUser -->
        <test-method status="PASS" signature="testPostUser()[pri:0, instance:testPost.Post2@7e2d773b]" name="testPostUser" duration-ms="560" started-at="2021-07-14T09:12:55 CST" finished-at="2021-07-14T09:12:55 CST">
          <reporter-output>
          </reporter-output>
        </test-method> <!-- testPostUser -->
        <test-method status="PASS" signature="testPostUser()[pri:0, instance:testPost.Post2@7e2d773b]" name="testPostUser" duration-ms="577" started-at="2021-07-14T09:12:55 CST" finished-at="2021-07-14T09:12:56 CST">
          <reporter-output>
          </reporter-output>
        </test-method> <!-- testPostUser -->
        <test-method status="PASS" signature="testPostUser()[pri:0, instance:testPost.Post2@7e2d773b]" name="testPostUser" duration-ms="568" started-at="2021-07-14T09:12:56 CST" finished-at="2021-07-14T09:12:57 CST">
          <reporter-output>
          </reporter-output>
        </test-method> <!-- testPostUser -->
        <test-method status="PASS" signature="testPostUser()[pri:0, instance:testPost.Post2@7e2d773b]" name="testPostUser" duration-ms="558" started-at="2021-07-14T09:12:57 CST" finished-at="2021-07-14T09:12:57 CST">
          <reporter-output>
          </reporter-output>
        </test-method> <!-- testPostUser -->
        <test-method status="PASS" signature="testPostUser()[pri:0, instance:testPost.Post2@7e2d773b]" name="testPostUser" duration-ms="548" started-at="2021-07-14T09:12:57 CST" finished-at="2021-07-14T09:12:58 CST">
          <reporter-output>
          </reporter-output>
        </test-method> <!-- testPostUser -->
        <test-method status="PASS" signature="testPostUser()[pri:0, instance:testPost.Post2@7e2d773b]" name="testPostUser" duration-ms="576" started-at="2021-07-14T09:12:58 CST" finished-at="2021-07-14T09:12:58 CST">
          <reporter-output>
          </reporter-output>
        </test-method> <!-- testPostUser -->
        <test-method status="PASS" signature="testPostUser()[pri:0, instance:testPost.Post2@7e2d773b]" name="testPostUser" duration-ms="561" started-at="2021-07-14T09:12:58 CST" finished-at="2021-07-14T09:12:59 CST">
          <reporter-output>
          </reporter-output>
        </test-method> <!-- testPostUser -->
        <test-method status="PASS" signature="testPostUser()[pri:0, instance:testPost.Post2@7e2d773b]" name="testPostUser" duration-ms="582" started-at="2021-07-14T09:12:59 CST" finished-at="2021-07-14T09:12:59 CST">
          <reporter-output>
          </reporter-output>
        </test-method> <!-- testPostUser -->
        <test-method status="PASS" signature="testPostUser()[pri:0, instance:testPost.Post2@7e2d773b]" name="testPostUser" duration-ms="548" started-at="2021-07-14T09:12:59 CST" finished-at="2021-07-14T09:13:00 CST">
          <reporter-output>
          </reporter-output>
        </test-method> <!-- testPostUser -->
        <test-method status="PASS" signature="testPostUser()[pri:0, instance:testPost.Post2@7e2d773b]" name="testPostUser" duration-ms="565" started-at="2021-07-14T09:13:00 CST" finished-at="2021-07-14T09:13:01 CST">
          <reporter-output>
          </reporter-output>
        </test-method> <!-- testPostUser -->
        <test-method status="PASS" signature="testPostUser()[pri:0, instance:testPost.Post2@7e2d773b]" name="testPostUser" duration-ms="548" started-at="2021-07-14T09:13:01 CST" finished-at="2021-07-14T09:13:01 CST">
          <reporter-output>
          </reporter-output>
        </test-method> <!-- testPostUser -->
        <test-method status="PASS" signature="testPostUser()[pri:0, instance:testPost.Post2@7e2d773b]" name="testPostUser" duration-ms="587" started-at="2021-07-14T09:13:01 CST" finished-at="2021-07-14T09:13:02 CST">
          <reporter-output>
          </reporter-output>
        </test-method> <!-- testPostUser -->
        <test-method status="PASS" signature="testPostUser()[pri:0, instance:testPost.Post2@7e2d773b]" name="testPostUser" duration-ms="547" started-at="2021-07-14T09:13:02 CST" finished-at="2021-07-14T09:13:02 CST">
          <reporter-output>
          </reporter-output>
        </test-method> <!-- testPostUser -->
        <test-method status="PASS" signature="testPostUser()[pri:0, instance:testPost.Post2@7e2d773b]" name="testPostUser" duration-ms="553" started-at="2021-07-14T09:13:02 CST" finished-at="2021-07-14T09:13:03 CST">
          <reporter-output>
          </reporter-output>
        </test-method> <!-- testPostUser -->
        <test-method status="PASS" signature="testPostUser()[pri:0, instance:testPost.Post2@7e2d773b]" name="testPostUser" duration-ms="572" started-at="2021-07-14T09:13:03 CST" finished-at="2021-07-14T09:13:03 CST">
          <reporter-output>
          </reporter-output>
        </test-method> <!-- testPostUser -->
        <test-method status="PASS" signature="testPostUser()[pri:0, instance:testPost.Post2@7e2d773b]" name="testPostUser" duration-ms="566" started-at="2021-07-14T09:13:03 CST" finished-at="2021-07-14T09:13:04 CST">
          <reporter-output>
          </reporter-output>
        </test-method> <!-- testPostUser -->
        <test-method status="PASS" signature="testPostUser()[pri:0, instance:testPost.Post2@7e2d773b]" name="testPostUser" duration-ms="583" started-at="2021-07-14T09:13:04 CST" finished-at="2021-07-14T09:13:05 CST">
          <reporter-output>
          </reporter-output>
        </test-method> <!-- testPostUser -->
        <test-method status="PASS" signature="testPostUser()[pri:0, instance:testPost.Post2@7e2d773b]" name="testPostUser" duration-ms="545" started-at="2021-07-14T09:13:05 CST" finished-at="2021-07-14T09:13:05 CST">
          <reporter-output>
          </reporter-output>
        </test-method> <!-- testPostUser -->
        <test-method status="PASS" signature="testPostUser()[pri:0, instance:testPost.Post2@7e2d773b]" name="testPostUser" duration-ms="540" started-at="2021-07-14T09:13:05 CST" finished-at="2021-07-14T09:13:06 CST">
          <reporter-output>
          </reporter-output>
        </test-method> <!-- testPostUser -->
        <test-method status="PASS" signature="testPostUser()[pri:0, instance:testPost.Post2@7e2d773b]" name="testPostUser" duration-ms="541" started-at="2021-07-14T09:13:06 CST" finished-at="2021-07-14T09:13:06 CST">
          <reporter-output>
          </reporter-output>
        </test-method> <!-- testPostUser -->
        <test-method status="PASS" signature="testPostUser()[pri:0, instance:testPost.Post2@7e2d773b]" name="testPostUser" duration-ms="568" started-at="2021-07-14T09:13:06 CST" finished-at="2021-07-14T09:13:07 CST">
          <reporter-output>
          </reporter-output>
        </test-method> <!-- testPostUser -->
        <test-method status="PASS" signature="testPostUser()[pri:0, instance:testPost.Post2@7e2d773b]" name="testPostUser" duration-ms="540" started-at="2021-07-14T09:13:07 CST" finished-at="2021-07-14T09:13:07 CST">
          <reporter-output>
          </reporter-output>
        </test-method> <!-- testPostUser -->
        <test-method status="PASS" signature="testPostUser()[pri:0, instance:testPost.Post2@7e2d773b]" name="testPostUser" duration-ms="573" started-at="2021-07-14T09:13:07 CST" finished-at="2021-07-14T09:13:08 CST">
          <reporter-output>
          </reporter-output>
        </test-method> <!-- testPostUser -->
        <test-method status="PASS" signature="testPostUser()[pri:0, instance:testPost.Post2@7e2d773b]" name="testPostUser" duration-ms="559" started-at="2021-07-14T09:13:08 CST" finished-at="2021-07-14T09:13:08 CST">
          <reporter-output>
          </reporter-output>
        </test-method> <!-- testPostUser -->
        <test-method status="PASS" signature="testPostUser()[pri:0, instance:testPost.Post2@7e2d773b]" name="testPostUser" duration-ms="602" started-at="2021-07-14T09:13:08 CST" finished-at="2021-07-14T09:13:09 CST">
          <reporter-output>
          </reporter-output>
        </test-method> <!-- testPostUser -->
        <test-method status="PASS" signature="testPostUser()[pri:0, instance:testPost.Post2@7e2d773b]" name="testPostUser" duration-ms="561" started-at="2021-07-14T09:13:09 CST" finished-at="2021-07-14T09:13:10 CST">
          <reporter-output>
          </reporter-output>
        </test-method> <!-- testPostUser -->
        <test-method status="PASS" signature="testPostUser()[pri:0, instance:testPost.Post2@7e2d773b]" name="testPostUser" duration-ms="649" started-at="2021-07-14T09:13:10 CST" finished-at="2021-07-14T09:13:10 CST">
          <reporter-output>
          </reporter-output>
        </test-method> <!-- testPostUser -->
        <test-method status="PASS" signature="testPostUser()[pri:0, instance:testPost.Post2@7e2d773b]" name="testPostUser" duration-ms="550" started-at="2021-07-14T09:13:10 CST" finished-at="2021-07-14T09:13:11 CST">
          <reporter-output>
          </reporter-output>
        </test-method> <!-- testPostUser -->
        <test-method status="PASS" signature="testPostUser()[pri:0, instance:testPost.Post2@7e2d773b]" name="testPostUser" duration-ms="544" started-at="2021-07-14T09:13:11 CST" finished-at="2021-07-14T09:13:11 CST">
          <reporter-output>
          </reporter-output>
        </test-method> <!-- testPostUser -->
        <test-method status="PASS" signature="testPostUser()[pri:0, instance:testPost.Post2@7e2d773b]" name="testPostUser" duration-ms="549" started-at="2021-07-14T09:13:11 CST" finished-at="2021-07-14T09:13:12 CST">
          <reporter-output>
          </reporter-output>
        </test-method> <!-- testPostUser -->
        <test-method status="PASS" signature="testPostUser()[pri:0, instance:testPost.Post2@7e2d773b]" name="testPostUser" duration-ms="519" started-at="2021-07-14T09:13:12 CST" finished-at="2021-07-14T09:13:12 CST">
          <reporter-output>
          </reporter-output>
        </test-method> <!-- testPostUser -->
        <test-method status="PASS" signature="testPostUser()[pri:0, instance:testPost.Post2@7e2d773b]" name="testPostUser" duration-ms="523" started-at="2021-07-14T09:13:12 CST" finished-at="2021-07-14T09:13:13 CST">
          <reporter-output>
          </reporter-output>
        </test-method> <!-- testPostUser -->
        <test-method status="PASS" signature="testPostUser()[pri:0, instance:testPost.Post2@7e2d773b]" name="testPostUser" duration-ms="538" started-at="2021-07-14T09:13:13 CST" finished-at="2021-07-14T09:13:13 CST">
          <reporter-output>
          </reporter-output>
        </test-method> <!-- testPostUser -->
        <test-method status="PASS" signature="testPostUser()[pri:0, instance:testPost.Post2@7e2d773b]" name="testPostUser" duration-ms="558" started-at="2021-07-14T09:13:13 CST" finished-at="2021-07-14T09:13:14 CST">
          <reporter-output>
          </reporter-output>
        </test-method> <!-- testPostUser -->
        <test-method status="PASS" signature="testPostUser()[pri:0, instance:testPost.Post2@7e2d773b]" name="testPostUser" duration-ms="556" started-at="2021-07-14T09:13:14 CST" finished-at="2021-07-14T09:13:15 CST">
          <reporter-output>
          </reporter-output>
        </test-method> <!-- testPostUser -->
        <test-method status="PASS" signature="testPostUser()[pri:0, instance:testPost.Post2@7e2d773b]" name="testPostUser" duration-ms="536" started-at="2021-07-14T09:13:15 CST" finished-at="2021-07-14T09:13:15 CST">
          <reporter-output>
          </reporter-output>
        </test-method> <!-- testPostUser -->
        <test-method status="PASS" signature="testPostUser()[pri:0, instance:testPost.Post2@7e2d773b]" name="testPostUser" duration-ms="552" started-at="2021-07-14T09:13:15 CST" finished-at="2021-07-14T09:13:16 CST">
          <reporter-output>
          </reporter-output>
        </test-method> <!-- testPostUser -->
        <test-method status="PASS" signature="testPostUser()[pri:0, instance:testPost.Post2@7e2d773b]" name="testPostUser" duration-ms="548" started-at="2021-07-14T09:13:16 CST" finished-at="2021-07-14T09:13:16 CST">
          <reporter-output>
          </reporter-output>
        </test-method> <!-- testPostUser -->
        <test-method status="PASS" signature="testPostUser()[pri:0, instance:testPost.Post2@7e2d773b]" name="testPostUser" duration-ms="519" started-at="2021-07-14T09:13:16 CST" finished-at="2021-07-14T09:13:17 CST">
          <reporter-output>
          </reporter-output>
        </test-method> <!-- testPostUser -->
        <test-method status="PASS" signature="testPostUser()[pri:0, instance:testPost.Post2@7e2d773b]" name="testPostUser" duration-ms="540" started-at="2021-07-14T09:13:17 CST" finished-at="2021-07-14T09:13:17 CST">
          <reporter-output>
          </reporter-output>
        </test-method> <!-- testPostUser -->
        <test-method status="PASS" signature="testPostUser()[pri:0, instance:testPost.Post2@7e2d773b]" name="testPostUser" duration-ms="551" started-at="2021-07-14T09:13:17 CST" finished-at="2021-07-14T09:13:18 CST">
          <reporter-output>
          </reporter-output>
        </test-method> <!-- testPostUser -->
        <test-method status="PASS" signature="testPostUser()[pri:0, instance:testPost.Post2@7e2d773b]" name="testPostUser" duration-ms="556" started-at="2021-07-14T09:13:18 CST" finished-at="2021-07-14T09:13:18 CST">
          <reporter-output>
          </reporter-output>
        </test-method> <!-- testPostUser -->
        <test-method status="PASS" signature="testPostUser()[pri:0, instance:testPost.Post2@7e2d773b]" name="testPostUser" duration-ms="543" started-at="2021-07-14T09:13:18 CST" finished-at="2021-07-14T09:13:19 CST">
          <reporter-output>
          </reporter-output>
        </test-method> <!-- testPostUser -->
        <test-method status="PASS" signature="testPostUser()[pri:0, instance:testPost.Post2@7e2d773b]" name="testPostUser" duration-ms="554" started-at="2021-07-14T09:13:19 CST" finished-at="2021-07-14T09:13:19 CST">
          <reporter-output>
          </reporter-output>
        </test-method> <!-- testPostUser -->
        <test-method status="PASS" signature="testPostUser()[pri:0, instance:testPost.Post2@7e2d773b]" name="testPostUser" duration-ms="556" started-at="2021-07-14T09:13:19 CST" finished-at="2021-07-14T09:13:20 CST">
          <reporter-output>
          </reporter-output>
        </test-method> <!-- testPostUser -->
        <test-method status="PASS" signature="testPostUser()[pri:0, instance:testPost.Post2@7e2d773b]" name="testPostUser" duration-ms="559" started-at="2021-07-14T09:13:20 CST" finished-at="2021-07-14T09:13:21 CST">
          <reporter-output>
          </reporter-output>
        </test-method> <!-- testPostUser -->
        <test-method status="PASS" signature="testPostUser()[pri:0, instance:testPost.Post2@7e2d773b]" name="testPostUser" duration-ms="546" started-at="2021-07-14T09:13:21 CST" finished-at="2021-07-14T09:13:21 CST">
          <reporter-output>
          </reporter-output>
        </test-method> <!-- testPostUser -->
        <test-method status="PASS" signature="testPostUser()[pri:0, instance:testPost.Post2@7e2d773b]" name="testPostUser" duration-ms="556" started-at="2021-07-14T09:13:21 CST" finished-at="2021-07-14T09:13:22 CST">
          <reporter-output>
          </reporter-output>
        </test-method> <!-- testPostUser -->
        <test-method status="PASS" signature="testPostUser()[pri:0, instance:testPost.Post2@7e2d773b]" name="testPostUser" duration-ms="568" started-at="2021-07-14T09:13:22 CST" finished-at="2021-07-14T09:13:22 CST">
          <reporter-output>
          </reporter-output>
        </test-method> <!-- testPostUser -->
        <test-method status="PASS" signature="testPostUser()[pri:0, instance:testPost.Post2@7e2d773b]" name="testPostUser" duration-ms="540" started-at="2021-07-14T09:13:22 CST" finished-at="2021-07-14T09:13:23 CST">
          <reporter-output>
          </reporter-output>
        </test-method> <!-- testPostUser -->
        <test-method status="PASS" signature="testPostUser()[pri:0, instance:testPost.Post2@7e2d773b]" name="testPostUser" duration-ms="531" started-at="2021-07-14T09:13:23 CST" finished-at="2021-07-14T09:13:23 CST">
          <reporter-output>
          </reporter-output>
        </test-method> <!-- testPostUser -->
        <test-method status="PASS" signature="testPostUser()[pri:0, instance:testPost.Post2@7e2d773b]" name="testPostUser" duration-ms="545" started-at="2021-07-14T09:13:23 CST" finished-at="2021-07-14T09:13:24 CST">
          <reporter-output>
          </reporter-output>
        </test-method> <!-- testPostUser -->
        <test-method status="PASS" signature="testPostUser()[pri:0, instance:testPost.Post2@7e2d773b]" name="testPostUser" duration-ms="537" started-at="2021-07-14T09:13:24 CST" finished-at="2021-07-14T09:13:24 CST">
          <reporter-output>
          </reporter-output>
        </test-method> <!-- testPostUser -->
        <test-method status="PASS" signature="testPostUser()[pri:0, instance:testPost.Post2@7e2d773b]" name="testPostUser" duration-ms="542" started-at="2021-07-14T09:13:24 CST" finished-at="2021-07-14T09:13:25 CST">
          <reporter-output>
          </reporter-output>
        </test-method> <!-- testPostUser -->
        <test-method status="PASS" signature="testPostUser()[pri:0, instance:testPost.Post2@7e2d773b]" name="testPostUser" duration-ms="547" started-at="2021-07-14T09:13:25 CST" finished-at="2021-07-14T09:13:26 CST">
          <reporter-output>
          </reporter-output>
        </test-method> <!-- testPostUser -->
        <test-method status="PASS" signature="testPostUser()[pri:0, instance:testPost.Post2@7e2d773b]" name="testPostUser" duration-ms="579" started-at="2021-07-14T09:13:26 CST" finished-at="2021-07-14T09:13:26 CST">
          <reporter-output>
          </reporter-output>
        </test-method> <!-- testPostUser -->
        <test-method status="PASS" signature="testPostUser()[pri:0, instance:testPost.Post2@7e2d773b]" name="testPostUser" duration-ms="542" started-at="2021-07-14T09:13:26 CST" finished-at="2021-07-14T09:13:27 CST">
          <reporter-output>
          </reporter-output>
        </test-method> <!-- testPostUser -->
        <test-method status="PASS" signature="testPostUser()[pri:0, instance:testPost.Post2@7e2d773b]" name="testPostUser" duration-ms="590" started-at="2021-07-14T09:13:27 CST" finished-at="2021-07-14T09:13:27 CST">
          <reporter-output>
          </reporter-output>
        </test-method> <!-- testPostUser -->
        <test-method status="PASS" signature="testPostUser()[pri:0, instance:testPost.Post2@7e2d773b]" name="testPostUser" duration-ms="533" started-at="2021-07-14T09:13:27 CST" finished-at="2021-07-14T09:13:28 CST">
          <reporter-output>
          </reporter-output>
        </test-method> <!-- testPostUser -->
        <test-method status="PASS" signature="testPostUser()[pri:0, instance:testPost.Post2@7e2d773b]" name="testPostUser" duration-ms="565" started-at="2021-07-14T09:13:28 CST" finished-at="2021-07-14T09:13:28 CST">
          <reporter-output>
          </reporter-output>
        </test-method> <!-- testPostUser -->
        <test-method status="PASS" signature="testPostUser()[pri:0, instance:testPost.Post2@7e2d773b]" name="testPostUser" duration-ms="563" started-at="2021-07-14T09:13:28 CST" finished-at="2021-07-14T09:13:29 CST">
          <reporter-output>
          </reporter-output>
        </test-method> <!-- testPostUser -->
        <test-method status="PASS" signature="testPostUser()[pri:0, instance:testPost.Post2@7e2d773b]" name="testPostUser" duration-ms="562" started-at="2021-07-14T09:13:29 CST" finished-at="2021-07-14T09:13:29 CST">
          <reporter-output>
          </reporter-output>
        </test-method> <!-- testPostUser -->
        <test-method status="PASS" signature="testPostUser()[pri:0, instance:testPost.Post2@7e2d773b]" name="testPostUser" duration-ms="541" started-at="2021-07-14T09:13:29 CST" finished-at="2021-07-14T09:13:30 CST">
          <reporter-output>
          </reporter-output>
        </test-method> <!-- testPostUser -->
        <test-method status="PASS" signature="testPostUser()[pri:0, instance:testPost.Post2@7e2d773b]" name="testPostUser" duration-ms="584" started-at="2021-07-14T09:13:30 CST" finished-at="2021-07-14T09:13:31 CST">
          <reporter-output>
          </reporter-output>
        </test-method> <!-- testPostUser -->
        <test-method status="PASS" signature="testPostUser()[pri:0, instance:testPost.Post2@7e2d773b]" name="testPostUser" duration-ms="559" started-at="2021-07-14T09:13:31 CST" finished-at="2021-07-14T09:13:31 CST">
          <reporter-output>
          </reporter-output>
        </test-method> <!-- testPostUser -->
        <test-method status="PASS" signature="testPostUser()[pri:0, instance:testPost.Post2@7e2d773b]" name="testPostUser" duration-ms="527" started-at="2021-07-14T09:13:31 CST" finished-at="2021-07-14T09:13:32 CST">
          <reporter-output>
          </reporter-output>
        </test-method> <!-- testPostUser -->
        <test-method status="PASS" signature="testPostUser()[pri:0, instance:testPost.Post2@7e2d773b]" name="testPostUser" duration-ms="553" started-at="2021-07-14T09:13:32 CST" finished-at="2021-07-14T09:13:32 CST">
          <reporter-output>
          </reporter-output>
        </test-method> <!-- testPostUser -->
        <test-method status="PASS" signature="testPostUser()[pri:0, instance:testPost.Post2@7e2d773b]" name="testPostUser" duration-ms="536" started-at="2021-07-14T09:13:32 CST" finished-at="2021-07-14T09:13:33 CST">
          <reporter-output>
          </reporter-output>
        </test-method> <!-- testPostUser -->
        <test-method status="PASS" signature="testPostUser()[pri:0, instance:testPost.Post2@7e2d773b]" name="testPostUser" duration-ms="563" started-at="2021-07-14T09:13:33 CST" finished-at="2021-07-14T09:13:33 CST">
          <reporter-output>
          </reporter-output>
        </test-method> <!-- testPostUser -->
        <test-method status="PASS" signature="testPostUser()[pri:0, instance:testPost.Post2@7e2d773b]" name="testPostUser" duration-ms="588" started-at="2021-07-14T09:13:33 CST" finished-at="2021-07-14T09:13:34 CST">
          <reporter-output>
          </reporter-output>
        </test-method> <!-- testPostUser -->
        <test-method status="PASS" signature="testPostUser()[pri:0, instance:testPost.Post2@7e2d773b]" name="testPostUser" duration-ms="547" started-at="2021-07-14T09:13:34 CST" finished-at="2021-07-14T09:13:34 CST">
          <reporter-output>
          </reporter-output>
        </test-method> <!-- testPostUser -->
        <test-method status="PASS" signature="testPostUser()[pri:0, instance:testPost.Post2@7e2d773b]" name="testPostUser" duration-ms="551" started-at="2021-07-14T09:13:34 CST" finished-at="2021-07-14T09:13:35 CST">
          <reporter-output>
          </reporter-output>
        </test-method> <!-- testPostUser -->
        <test-method status="PASS" signature="testPostUser()[pri:0, instance:testPost.Post2@7e2d773b]" name="testPostUser" duration-ms="586" started-at="2021-07-14T09:13:35 CST" finished-at="2021-07-14T09:13:36 CST">
          <reporter-output>
          </reporter-output>
        </test-method> <!-- testPostUser -->
        <test-method status="PASS" signature="testPostUser()[pri:0, instance:testPost.Post2@7e2d773b]" name="testPostUser" duration-ms="553" started-at="2021-07-14T09:13:36 CST" finished-at="2021-07-14T09:13:36 CST">
          <reporter-output>
          </reporter-output>
        </test-method> <!-- testPostUser -->
        <test-method status="PASS" signature="testPostUser()[pri:0, instance:testPost.Post2@7e2d773b]" name="testPostUser" duration-ms="546" started-at="2021-07-14T09:13:36 CST" finished-at="2021-07-14T09:13:37 CST">
          <reporter-output>
          </reporter-output>
        </test-method> <!-- testPostUser -->
        <test-method status="PASS" signature="testPostUser()[pri:0, instance:testPost.Post2@7e2d773b]" name="testPostUser" duration-ms="601" started-at="2021-07-14T09:13:37 CST" finished-at="2021-07-14T09:13:37 CST">
          <reporter-output>
          </reporter-output>
        </test-method> <!-- testPostUser -->
        <test-method status="PASS" signature="testPostUser()[pri:0, instance:testPost.Post2@7e2d773b]" name="testPostUser" duration-ms="553" started-at="2021-07-14T09:13:37 CST" finished-at="2021-07-14T09:13:38 CST">
          <reporter-output>
          </reporter-output>
        </test-method> <!-- testPostUser -->
        <test-method status="PASS" signature="testPostUser()[pri:0, instance:testPost.Post2@7e2d773b]" name="testPostUser" duration-ms="559" started-at="2021-07-14T09:13:38 CST" finished-at="2021-07-14T09:13:38 CST">
          <reporter-output>
          </reporter-output>
        </test-method> <!-- testPostUser -->
        <test-method status="PASS" signature="testPostUser()[pri:0, instance:testPost.Post2@7e2d773b]" name="testPostUser" duration-ms="554" started-at="2021-07-14T09:13:38 CST" finished-at="2021-07-14T09:13:39 CST">
          <reporter-output>
          </reporter-output>
        </test-method> <!-- testPostUser -->
        <test-method status="PASS" signature="testPostUser()[pri:0, instance:testPost.Post2@7e2d773b]" name="testPostUser" duration-ms="563" started-at="2021-07-14T09:13:39 CST" finished-at="2021-07-14T09:13:40 CST">
          <reporter-output>
          </reporter-output>
        </test-method> <!-- testPostUser -->
        <test-method status="PASS" signature="testPostUser()[pri:0, instance:testPost.Post2@7e2d773b]" name="testPostUser" duration-ms="548" started-at="2021-07-14T09:13:40 CST" finished-at="2021-07-14T09:13:40 CST">
          <reporter-output>
          </reporter-output>
        </test-method> <!-- testPostUser -->
        <test-method status="PASS" signature="testPostUser()[pri:0, instance:testPost.Post2@7e2d773b]" name="testPostUser" duration-ms="607" started-at="2021-07-14T09:13:40 CST" finished-at="2021-07-14T09:13:41 CST">
          <reporter-output>
          </reporter-output>
        </test-method> <!-- testPostUser -->
        <test-method status="PASS" signature="testPostUser()[pri:0, instance:testPost.Post2@7e2d773b]" name="testPostUser" duration-ms="529" started-at="2021-07-14T09:13:41 CST" finished-at="2021-07-14T09:13:41 CST">
          <reporter-output>
          </reporter-output>
        </test-method> <!-- testPostUser -->
        <test-method status="PASS" signature="testPostUser()[pri:0, instance:testPost.Post2@7e2d773b]" name="testPostUser" duration-ms="557" started-at="2021-07-14T09:13:41 CST" finished-at="2021-07-14T09:13:42 CST">
          <reporter-output>
          </reporter-output>
        </test-method> <!-- testPostUser -->
        <test-method status="PASS" signature="testPostUser()[pri:0, instance:testPost.Post2@7e2d773b]" name="testPostUser" duration-ms="567" started-at="2021-07-14T09:13:42 CST" finished-at="2021-07-14T09:13:42 CST">
          <reporter-output>
          </reporter-output>
        </test-method> <!-- testPostUser -->
        <test-method status="PASS" signature="testPostUser()[pri:0, instance:testPost.Post2@7e2d773b]" name="testPostUser" duration-ms="546" started-at="2021-07-14T09:13:42 CST" finished-at="2021-07-14T09:13:43 CST">
          <reporter-output>
          </reporter-output>
        </test-method> <!-- testPostUser -->
        <test-method status="PASS" signature="testPostUser()[pri:0, instance:testPost.Post2@7e2d773b]" name="testPostUser" duration-ms="569" started-at="2021-07-14T09:13:43 CST" finished-at="2021-07-14T09:13:43 CST">
          <reporter-output>
          </reporter-output>
        </test-method> <!-- testPostUser -->
        <test-method status="PASS" signature="testPostUser()[pri:0, instance:testPost.Post2@7e2d773b]" name="testPostUser" duration-ms="543" started-at="2021-07-14T09:13:43 CST" finished-at="2021-07-14T09:13:44 CST">
          <reporter-output>
          </reporter-output>
        </test-method> <!-- testPostUser -->
        <test-method status="PASS" signature="testPostUser()[pri:0, instance:testPost.Post2@7e2d773b]" name="testPostUser" duration-ms="541" started-at="2021-07-14T09:13:44 CST" finished-at="2021-07-14T09:13:45 CST">
          <reporter-output>
          </reporter-output>
        </test-method> <!-- testPostUser -->
        <test-method status="PASS" signature="testPostUser()[pri:0, instance:testPost.Post2@7e2d773b]" name="testPostUser" duration-ms="567" started-at="2021-07-14T09:13:45 CST" finished-at="2021-07-14T09:13:45 CST">
          <reporter-output>
          </reporter-output>
        </test-method> <!-- testPostUser -->
      </class> <!-- testPost.Post2 -->
    </test> <!-- Default test -->
  </suite> <!-- Default suite -->
</testng-results>
